<-Start->2017-05-30 15:04:27,371<-Sep->DEBUG<-Sep->com.ibm.appscan.frameworks.analyzers.generic.LangIndependentWalaUtil<-Sep->com.ibm.appscan.frameworks.analyzers.generic.LangIndependentWalaUtil.logAllWarningsAndClear(LangIndependentWalaUtil.java:31)<-Sep->WALA warnings:<-Sep->
<-Start->2017-05-30 15:04:27,387<-Sep->DEBUG<-Sep->com.ibm.appscan.frameworks.analyzers.generic.LangIndependentWalaUtil<-Sep->com.ibm.appscan.frameworks.analyzers.generic.LangIndependentWalaUtil.logAllWarningsAndClear(LangIndependentWalaUtil.java:32)<-Sep->1. [Moderate] class com.ibm.wala.ipa.cha.ClassHierarchy$ClassExclusion : <Extension,Lorg/apache/naming/factory/MailSessionFactory$1$1> No superclass found for <Extension,Lorg/apache/naming/factory/MailSessionFactory$1$1> Superclass name Ljavax/mail/Authenticator
2. [Moderate] class com.ibm.wala.ipa.cha.ClassHierarchy$ClassExclusion : <Primordial,Lcom/ibm/security/smime/jmail/SMIMEMimeMessage> No superclass found for <Primordial,Lcom/ibm/security/smime/jmail/SMIMEMimeMessage> Superclass name Ljavax/mail/internet/MimeMessage
3. [Moderate] class com.ibm.wala.ipa.cha.ClassHierarchy$ClassExclusion : <Primordial,Lcom/ibm/security/smime/jmail/SMIMEMimeMultipart> No superclass found for <Primordial,Lcom/ibm/security/smime/jmail/SMIMEMimeMultipart> Superclass name Ljavax/mail/internet/MimeMultipart
4. [Moderate] class com.ibm.wala.ipa.cha.ClassHierarchy$ClassExclusion : <Primordial,Lsun/management/LockInfoCompositeData> No superclass found for <Primordial,Lsun/management/LockInfoCompositeData> Superclass name Lsun/management/LazyCompositeData
5. [SEVERE] class com.ibm.wala.classLoader.BytecodeClass$ClassNotFoundWarning : Lorg/apache/tools/ant/launch/AntMain
6. [SEVERE] class com.ibm.wala.classLoader.ClassLoaderImpl$MultipleImplementationsWarning : Ljavax/annotation/Generated
7. [SEVERE] class com.ibm.wala.classLoader.ClassLoaderImpl$MultipleImplementationsWarning : Ljavax/annotation/PostConstruct
8. [SEVERE] class com.ibm.wala.classLoader.ClassLoaderImpl$MultipleImplementationsWarning : Ljavax/annotation/PreDestroy
9. [SEVERE] class com.ibm.wala.classLoader.ClassLoaderImpl$MultipleImplementationsWarning : Ljavax/annotation/Resource
10. [SEVERE] class com.ibm.wala.classLoader.ClassLoaderImpl$MultipleImplementationsWarning : Ljavax/annotation/Resource$AuthenticationType
11. [SEVERE] class com.ibm.wala.classLoader.ClassLoaderImpl$MultipleImplementationsWarning : Ljavax/annotation/Resources
12. [SEVERE] class com.ibm.wala.classLoader.ClassLoaderImpl$MultipleImplementationsWarning : Ljavax/xml/ws/WebServiceRef
13. [SEVERE] class com.ibm.wala.classLoader.ClassLoaderImpl$MultipleImplementationsWarning : Ljavax/xml/ws/WebServiceRefs
<-Sep->
<-Start->2017-05-30 15:04:27,387<-Sep->WARN<-Sep->com.ibm.appscan.frameworks.java.WAFLSpecGen<-Sep->com.ibm.appscan.frameworks.java.WAFLSpecGen.getWAFLSpecForJavaEEApp(WAFLSpecGen.java:131)<-Sep->No web.xml was found so built-in Spring, Struts and some Java EE handling have been skipped<-Sep->
<-Start->2017-05-30 15:04:27,418<-Sep->INFO<-Sep->com.ibm.appscan.frameworks.handlers.aspdotnetmvc3.Mvc3Handler<-Sep->com.ibm.appscan.frameworks.handlers.aspdotnetmvc3.Mvc3Handler.isApplicable(Mvc3Handler.java:183)<-Sep->Framework handler AspDotNetMVC3 running isApplicable()<-Sep->
<-Start->2017-05-30 15:04:27,418<-Sep->INFO<-Sep->com.ibm.appscan.frameworks.handlers.aspdotnetmvc3.Mvc3Handler<-Sep->com.ibm.appscan.frameworks.handlers.aspdotnetmvc3.Mvc3Handler.isApplicable(Mvc3Handler.java:187)<-Sep->isApplicable() returns false<-Sep->
<-Start->2017-05-30 15:04:27,418<-Sep->INFO<-Sep->com.ibm.appscan.frameworks.handlers.aspdotnetmvc3.Mvc3Handler<-Sep->com.ibm.appscan.frameworks.handlers.aspdotnetmvc3.Mvc3Handler.isApplicable(Mvc3Handler.java:188)<-Sep->Framework handler AspDotNetMVC3 ends<-Sep->
<-Start->2017-05-30 15:04:27,418<-Sep->INFO<-Sep->com.ibm.appscan.frameworks.handlers.jsf2.JSF2Handler<-Sep->com.ibm.appscan.frameworks.handlers.jsf2.JSF2Handler.isApplicable(JSF2Handler.java:86)<-Sep->Framework handler JSF2 running isApplicable()<-Sep->
<-Start->2017-05-30 15:04:27,745<-Sep->INFO<-Sep->com.ibm.appscan.frameworks.handlers.jsf2.JSF2Handler<-Sep->com.ibm.appscan.frameworks.handlers.jsf2.JSF2Handler.isApplicable(JSF2Handler.java:117)<-Sep->File C:\eclipse_workspace\demo-java-gradle-master\gradle-java_staging\WEB-INF\web.xml does not exist<-Sep->
<-Start->2017-05-30 15:04:27,745<-Sep->INFO<-Sep->com.ibm.appscan.frameworks.handlers.jsf2.JSF2Handler<-Sep->com.ibm.appscan.frameworks.handlers.jsf2.JSF2Handler.isApplicable(JSF2Handler.java:118)<-Sep->isApplicable() returns false<-Sep->
<-Start->2017-05-30 15:04:27,745<-Sep->INFO<-Sep->com.ibm.appscan.frameworks.handlers.jsf2.JSF2Handler<-Sep->com.ibm.appscan.frameworks.handlers.jsf2.JSF2Handler.isApplicable(JSF2Handler.java:119)<-Sep->Framework handler JSF2 ends<-Sep->
<-Start->2017-05-30 15:04:27,745<-Sep->INFO<-Sep->com.ibm.appscan.frameworks.handlers.spring3.Spring3Handler<-Sep->com.ibm.appscan.frameworks.handlers.spring3.Spring3Handler.isApplicable(Spring3Handler.java:209)<-Sep->Framework handler SPRING3 running isApplicable()<-Sep->
<-Start->2017-05-30 15:04:27,761<-Sep->INFO<-Sep->com.ibm.appscan.frameworks.handlers.spring3.Spring3Handler<-Sep->com.ibm.appscan.frameworks.handlers.spring3.Spring3Handler.isApplicable(Spring3Handler.java:230)<-Sep->File C:\eclipse_workspace\demo-java-gradle-master\gradle-java_staging\WEB-INF\web.xml does not exist<-Sep->
<-Start->2017-05-30 15:04:27,761<-Sep->INFO<-Sep->com.ibm.appscan.frameworks.handlers.spring3.Spring3Handler<-Sep->com.ibm.appscan.frameworks.handlers.spring3.Spring3Handler.handleApp(Spring3Handler.java:40)<-Sep->Framework handler SPRING3 running handleApp()<-Sep->
<-Start->2017-05-30 15:04:27,761<-Sep->INFO<-Sep->com.ibm.appscan.frameworks.handlers.struts2.Struts2Handler<-Sep->com.ibm.appscan.frameworks.handlers.struts2.Struts2Handler.isApplicable(Struts2Handler.java:315)<-Sep->Framework handler STRUTS2 running isApplicable()<-Sep->
<-Start->2017-05-30 15:04:27,761<-Sep->INFO<-Sep->com.ibm.appscan.frameworks.handlers.struts2.Struts2Handler<-Sep->com.ibm.appscan.frameworks.handlers.struts2.Struts2Handler.isApplicable(Struts2Handler.java:343)<-Sep->isApplicable() returns false<-Sep->
<-Start->2017-05-30 15:04:27,761<-Sep->INFO<-Sep->com.ibm.appscan.frameworks.handlers.struts2.Struts2Handler<-Sep->com.ibm.appscan.frameworks.handlers.struts2.Struts2Handler.isApplicable(Struts2Handler.java:344)<-Sep->Framework handler STRUTS2 ends<-Sep->
<-Start->2017-05-30 15:04:27,761<-Sep->INFO<-Sep->com.ibm.appscan.frameworks.highlevelapi.ejb2xhandler.Ejb2xHandler<-Sep->com.ibm.appscan.frameworks.highlevelapi.ejb2xhandler.Ejb2xHandler.isApplicable(Ejb2xHandler.java:92)<-Sep->Framework handler EJB2X running isApplicable()<-Sep->
<-Start->2017-05-30 15:04:27,761<-Sep->INFO<-Sep->com.ibm.appscan.frameworks.highlevelapi.ejb2xhandler.Ejb2xHandler<-Sep->com.ibm.appscan.frameworks.highlevelapi.ejb2xhandler.Ejb2xHandler.findEJBConfigLocations(Ejb2xHandler.java:145)<-Sep->Searching for ejb-jar.xml in C:\eclipse_workspace\demo-java-gradle-master\build\classes\main<-Sep->
<-Start->2017-05-30 15:04:27,761<-Sep->WARN<-Sep->com.ibm.appscan.frameworks.highlevelapi.ejb2xhandler.Ejb2xHandler<-Sep->com.ibm.appscan.frameworks.highlevelapi.ejb2xhandler.Ejb2xHandler.findEJBConfigLocations(Ejb2xHandler.java:152)<-Sep->Missing ejb-jar.xml in C:\eclipse_workspace\demo-java-gradle-master\build\classes\main<-Sep->
<-Start->2017-05-30 15:04:27,761<-Sep->INFO<-Sep->com.ibm.appscan.frameworks.highlevelapi.ejb2xhandler.Ejb2xHandler<-Sep->com.ibm.appscan.frameworks.highlevelapi.ejb2xhandler.Ejb2xHandler.isApplicable(Ejb2xHandler.java:117)<-Sep->File ejb-jar.xml does not exist<-Sep->
<-Start->2017-05-30 15:04:27,761<-Sep->INFO<-Sep->com.ibm.appscan.frameworks.highlevelapi.ejb2xhandler.Ejb2xHandler<-Sep->com.ibm.appscan.frameworks.highlevelapi.ejb2xhandler.Ejb2xHandler.isApplicable(Ejb2xHandler.java:118)<-Sep->isApplicable() returns false<-Sep->
<-Start->2017-05-30 15:04:27,761<-Sep->INFO<-Sep->com.ibm.appscan.frameworks.highlevelapi.ejb2xhandler.Ejb2xHandler<-Sep->com.ibm.appscan.frameworks.highlevelapi.ejb2xhandler.Ejb2xHandler.isApplicable(Ejb2xHandler.java:119)<-Sep->Framework handler EJB2X ends<-Sep->
<-Start->2017-05-30 15:04:27,761<-Sep->INFO<-Sep->com.ibm.appscan.frameworks.highlevelapi.jaxhandler.internal.handlers.JAXHandler<-Sep->com.ibm.appscan.frameworks.highlevelapi.jaxhandler.internal.handlers.JAXHandler.isApplicable(JAXHandler.java:70)<-Sep->Framework handler JAX-RS running isApplicable()<-Sep->
<-Start->2017-05-30 15:04:27,761<-Sep->INFO<-Sep->com.ibm.appscan.frameworks.highlevelapi.jaxhandler.internal.handlers.JAXHandler<-Sep->com.ibm.appscan.frameworks.highlevelapi.jaxhandler.internal.handlers.JAXHandler.isApplicable(JAXHandler.java:75)<-Sep->isApplicable() returns true<-Sep->
<-Start->2017-05-30 15:04:27,777<-Sep->INFO<-Sep->com.ibm.appscan.frameworks.highlevelapi.jaxhandler.internal.handlers.JAXHandler<-Sep->com.ibm.appscan.frameworks.highlevelapi.jaxhandler.internal.handlers.JAXHandler.handleApp(JAXHandler.java:39)<-Sep->Failed to find javax.ws.rs.Path<-Sep->
<-Start->2017-05-30 15:04:27,777<-Sep->INFO<-Sep->com.ibm.appscan.frameworks.highlevelapi.jaxhandler.internal.handlers.JAXHandler<-Sep->com.ibm.appscan.frameworks.highlevelapi.jaxhandler.internal.handlers.JAXHandler.handleApp(JAXHandler.java:40)<-Sep->Framework handler JAX-RS ends<-Sep->
<-Start->2017-05-30 15:04:27,777<-Sep->INFO<-Sep->com.ibm.appscan.frameworks.jaxwshandler.JAXWSHandler<-Sep->com.ibm.appscan.frameworks.jaxwshandler.JAXWSHandler.isApplicable(JAXWSHandler.java:97)<-Sep->Framework handler JAXWS running isApplicable()<-Sep->
<-Start->2017-05-30 15:04:27,777<-Sep->INFO<-Sep->com.ibm.appscan.frameworks.jaxwshandler.JAXWSHandler<-Sep->com.ibm.appscan.frameworks.jaxwshandler.JAXWSHandler.isApplicable(JAXWSHandler.java:102)<-Sep->isApplicable() returns true<-Sep->
<-Start->2017-05-30 15:04:27,777<-Sep->INFO<-Sep->com.ibm.appscan.frameworks.jaxwshandler.JAXWSHandler<-Sep->com.ibm.appscan.frameworks.jaxwshandler.JAXWSHandler.handleApp(JAXWSHandler.java:36)<-Sep->Framework handler JAXWS running handleApp()<-Sep->
<-Start->2017-05-30 15:04:27,777<-Sep->INFO<-Sep->com.ibm.appscan.frameworks.jaxwshandler.JAXWSHandler<-Sep->com.ibm.appscan.frameworks.jaxwshandler.JAXWSHandler.handleApp(JAXWSHandler.java:41)<-Sep->Framework handler JAXWS ends<-Sep->
